<?xml version="1.0" encoding="UTF-8"?>
<!-- Generated by org.testng.reporters.JUnitReportReporter -->
<testsuite hostname="win7-PC" name="Academy.HomePage" tests="2" failures="0" timestamp="18 Apr 2020 08:58:06 GMT" time="35.402" errors="0">
  <testcase name="basePageNavigation" time="9.311" classname="Academy.HomePage"/>
  <testcase name="basePageNavigation" time="26.091" classname="Academy.HomePage"/>
</testsuite> <!-- Academy.HomePage -->
