<?xml version="1.0" encoding="UTF-8"?>
<!-- Generated by org.testng.reporters.JUnitReportReporter -->
<testsuite hostname="win7-PC" name="Academy.validateNavigationBar" tests="1" failures="0" timestamp="18 Apr 2020 08:58:06 GMT" time="0.169" errors="0">
  <testcase name="basePageNavigation" time="0.169" classname="Academy.validateNavigationBar"/>
</testsuite> <!-- Academy.validateNavigationBar -->
