<?xml version="1.0" encoding="UTF-8"?>
<!-- Generated by org.testng.reporters.JUnitReportReporter -->
<testsuite skipped="0" hostname="win7-PC" name="Academy.HomePage" tests="2" failures="0" timestamp="22 Apr 2020 19:23:32 GMT" time="42.762" errors="0">
  <testcase name="loginWithCredentials" time="16.342" classname="Academy.HomePage"/>
  <testcase name="loginWithCredentials" time="26.420" classname="Academy.HomePage"/>
</testsuite> <!-- Academy.HomePage -->
