<?xml version="1.0" encoding="UTF-8"?>
<!-- Generated by org.testng.reporters.JUnitReportReporter -->
<testsuite skipped="0" hostname="win7-PC" name="Academy.validateNavigationBar" tests="1" failures="0" timestamp="22 Apr 2020 19:23:32 GMT" time="0.059" errors="0">
  <testcase name="navigationBar" time="0.059" classname="Academy.validateNavigationBar"/>
</testsuite> <!-- Academy.validateNavigationBar -->
